# JRE version: Java(TM) SE Runtime Environment (8.0_181-b13) (build 1.8.0_181-b13)
# Java VM: Java HotSpot(TM) 64-Bit Server VM (25.181-b13 mixed mode linux-amd64 compressed oops)
Heap:
 PSYoungGen      total 264704K, used 64K [0x00000000d6f00000, 0x00000000e7d00000, 0x0000000100000000)
  eden space 253440K, 0% used [0x00000000d6f00000,0x00000000d6f00000,0x00000000e6680000)
  from space 11264K, 0% used [0x00000000e6680000,0x00000000e6690000,0x00000000e7180000)
  to   space 10752K, 0% used [0x00000000e7180000,0x00000000e7180000,0x00000000e7c00000)
 ParOldGen       total 84992K, used 12251K [0x0000000084c00000, 0x0000000089f00000, 0x00000000d6f00000)
  object space 84992K, 14% used [0x0000000084c00000,0x00000000857f6e78,0x0000000089f00000)
 Metaspace       used 19344K, capacity 19481K, committed 19840K, reserved 1067008K
  class space    used 2280K, capacity 2331K, committed 2432K, reserved 1048576K
GC Heap History (10 events):
Event: 18.035 GC heap after
Heap after GC invocations=4 (full 0):
 PSYoungGen      total 68608K, used 5098K [0x00000000d6f00000, 0x00000000db700000, 0x0000000100000000)
  eden space 63488K, 0% used [0x00000000d6f00000,0x00000000d6f00000,0x00000000dad00000)
  from space 5120K, 99% used [0x00000000db200000,0x00000000db6faaa0,0x00000000db700000)
  to   space 5120K, 0% used [0x00000000dad00000,0x00000000dad00000,0x00000000db200000)
 ParOldGen       total 84992K, used 7141K [0x0000000084c00000, 0x0000000089f00000, 0x00000000d6f00000)
  object space 84992K, 8% used [0x0000000084c00000,0x00000000852f9680,0x0000000089f00000)
 Metaspace       used 19344K, capacity 19481K, committed 19840K, reserved 1067008K
  class space    used 2280K, capacity 2331K, committed 2432K, reserved 1048576K
}
Event: 18.405 GC heap before
{Heap before GC invocations=5 (full 0):
 PSYoungGen      total 68608K, used 68586K [0x00000000d6f00000, 0x00000000db700000, 0x0000000100000000)
  eden space 63488K, 100% used [0x00000000d6f00000,0x00000000dad00000,0x00000000dad00000)
  from space 5120K, 99% used [0x00000000db200000,0x00000000db6faaa0,0x00000000db700000)
  to   space 5120K, 0% used [0x00000000dad00000,0x00000000dad00000,0x00000000db200000)
 ParOldGen       total 84992K, used 7141K [0x0000000084c00000, 0x0000000089f00000, 0x00000000d6f00000)
  object space 84992K, 8% used [0x0000000084c00000,0x00000000852f9680,0x0000000089f00000)
 Metaspace       used 19344K, capacity 19481K, committed 19840K, reserved 1067008K
  class space    used 2280K, capacity 2331K, committed 2432K, reserved 1048576K
Event: 18.410 GC heap after
Heap after GC invocations=5 (full 0):
 PSYoungGen      total 68608K, used 5098K [0x00000000d6f00000, 0x00000000dff00000, 0x0000000100000000)
  eden space 63488K, 0% used [0x00000000d6f00000,0x00000000d6f00000,0x00000000dad00000)
  from space 5120K, 99% used [0x00000000dad00000,0x00000000db1faaa0,0x00000000db200000)
  to   space 10240K, 0% used [0x00000000df500000,0x00000000df500000,0x00000000dff00000)
 ParOldGen       total 84992K, used 7165K [0x0000000084c00000, 0x0000000089f00000, 0x00000000d6f00000)
  object space 84992K, 8% used [0x0000000084c00000,0x00000000852ff680,0x0000000089f00000)
 Metaspace       used 19344K, capacity 19481K, committed 19840K, reserved 1067008K
  class space    used 2280K, capacity 2331K, committed 2432K, reserved 1048576K
}
Event: 18.729 GC heap before
{Heap before GC invocations=6 (full 0):
 PSYoungGen      total 68608K, used 68586K [0x00000000d6f00000, 0x00000000dff00000, 0x0000000100000000)
  eden space 63488K, 100% used [0x00000000d6f00000,0x00000000dad00000,0x00000000dad00000)
  from space 5120K, 99% used [0x00000000dad00000,0x00000000db1faaa0,0x00000000db200000)
  to   space 10240K, 0% used [0x00000000df500000,0x00000000df500000,0x00000000dff00000)
 ParOldGen       total 84992K, used 7165K [0x0000000084c00000, 0x0000000089f00000, 0x00000000d6f00000)
  object space 84992K, 8% used [0x0000000084c00000,0x00000000852ff680,0x0000000089f00000)
 Metaspace       used 19344K, capacity 19481K, committed 19840K, reserved 1067008K
  class space    used 2280K, capacity 2331K, committed 2432K, reserved 1048576K
Event: 18.733 GC heap after
Heap after GC invocations=6 (full 0):
 PSYoungGen      total 137216K, used 5130K [0x00000000d6f00000, 0x00000000dff00000, 0x0000000100000000)
  eden space 126976K, 0% used [0x00000000d6f00000,0x00000000d6f00000,0x00000000deb00000)
  from space 10240K, 50% used [0x00000000df500000,0x00000000dfa02aa0,0x00000000dff00000)
  to   space 10240K, 0% used [0x00000000deb00000,0x00000000deb00000,0x00000000df500000)
 ParOldGen       total 84992K, used 7165K [0x0000000084c00000, 0x0000000089f00000, 0x00000000d6f00000)
  object space 84992K, 8% used [0x0000000084c00000,0x00000000852ff680,0x0000000089f00000)
 Metaspace       used 19344K, capacity 19481K, committed 19840K, reserved 1067008K
  class space    used 2280K, capacity 2331K, committed 2432K, reserved 1048576K
}
Event: 19.193 GC heap before
{Heap before GC invocations=7 (full 0):
 PSYoungGen      total 137216K, used 132106K [0x00000000d6f00000, 0x00000000dff00000, 0x0000000100000000)
  eden space 126976K, 100% used [0x00000000d6f00000,0x00000000deb00000,0x00000000deb00000)
  from space 10240K, 50% used [0x00000000df500000,0x00000000dfa02aa0,0x00000000dff00000)
  to   space 10240K, 0% used [0x00000000deb00000,0x00000000deb00000,0x00000000df500000)
 ParOldGen       total 84992K, used 7165K [0x0000000084c00000, 0x0000000089f00000, 0x00000000d6f00000)
  object space 84992K, 8% used [0x0000000084c00000,0x00000000852ff680,0x0000000089f00000)
 Metaspace       used 19344K, capacity 19481K, committed 19840K, reserved 1067008K
  class space    used 2280K, capacity 2331K, committed 2432K, reserved 1048576K
Event: 19.199 GC heap after
Heap after GC invocations=7 (full 0):
 PSYoungGen      total 137216K, used 1152K [0x00000000d6f00000, 0x00000000e7c00000, 0x0000000100000000)
  eden space 126976K, 0% used [0x00000000d6f00000,0x00000000d6f00000,0x00000000deb00000)
  from space 10240K, 11% used [0x00000000deb00000,0x00000000dec20000,0x00000000df500000)
  to   space 10752K, 0% used [0x00000000e7180000,0x00000000e7180000,0x00000000e7c00000)
 ParOldGen       total 84992K, used 11132K [0x0000000084c00000, 0x0000000089f00000, 0x00000000d6f00000)
  object space 84992K, 13% used [0x0000000084c00000,0x00000000856df038,0x0000000089f00000)
 Metaspace       used 19344K, capacity 19481K, committed 19840K, reserved 1067008K
  class space    used 2280K, capacity 2331K, committed 2432K, reserved 1048576K
}
Event: 19.649 GC heap before
{Heap before GC invocations=8 (full 0):
 PSYoungGen      total 137216K, used 128128K [0x00000000d6f00000, 0x00000000e7c00000, 0x0000000100000000)
  eden space 126976K, 100% used [0x00000000d6f00000,0x00000000deb00000,0x00000000deb00000)
  from space 10240K, 11% used [0x00000000deb00000,0x00000000dec20000,0x00000000df500000)
  to   space 10752K, 0% used [0x00000000e7180000,0x00000000e7180000,0x00000000e7c00000)
 ParOldGen       total 84992K, used 11132K [0x0000000084c00000, 0x0000000089f00000, 0x00000000d6f00000)
  object space 84992K, 13% used [0x0000000084c00000,0x00000000856df038,0x0000000089f00000)
 Metaspace       used 19344K, capacity 19481K, committed 19840K, reserved 1067008K
  class space    used 2280K, capacity 2331K, committed 2432K, reserved 1048576K
Event: 19.650 GC heap after
Heap after GC invocations=8 (full 0):
 PSYoungGen      total 264192K, used 32K [0x00000000d6f00000, 0x00000000e7d00000, 0x0000000100000000)
  eden space 253440K, 0% used [0x00000000d6f00000,0x00000000d6f00000,0x00000000e6680000)
  from space 10752K, 0% used [0x00000000e7180000,0x00000000e7188000,0x00000000e7c00000)
  to   space 11264K, 0% used [0x00000000e6680000,0x00000000e6680000,0x00000000e7180000)
 ParOldGen       total 84992K, used 12251K [0x0000000084c00000, 0x0000000089f00000, 0x00000000d6f00000)
  object space 84992K, 14% used [0x0000000084c00000,0x00000000857f6e78,0x0000000089f00000)
 Metaspace       used 19344K, capacity 19481K, committed 19840K, reserved 1067008K
  class space    used 2280K, capacity 2331K, committed 2432K, reserved 1048576K
}
Event: 24.317 GC heap before
{Heap before GC invocations=9 (full 0):
 PSYoungGen      total 264192K, used 253472K [0x00000000d6f00000, 0x00000000e7d00000, 0x0000000100000000)
  eden space 253440K, 100% used [0x00000000d6f00000,0x00000000e6680000,0x00000000e6680000)
  from space 10752K, 0% used [0x00000000e7180000,0x00000000e7188000,0x00000000e7c00000)
  to   space 11264K, 0% used [0x00000000e6680000,0x00000000e6680000,0x00000000e7180000)
 ParOldGen       total 84992K, used 12251K [0x0000000084c00000, 0x0000000089f00000, 0x00000000d6f00000)
  object space 84992K, 14% used [0x0000000084c00000,0x00000000857f6e78,0x0000000089f00000)
 Metaspace       used 19344K, capacity 19481K, committed 19840K, reserved 1067008K
  class space    used 2280K, capacity 2331K, committed 2432K, reserved 1048576K

